[debug] [2026-04-06T06:37:22.980Z] ----------------------------------------------------------------------
[debug] [2026-04-06T06:37:22.983Z] Command:       C:\Program Files\nodejs\node.exe C:\Users\gy554\AppData\Roaming\npm\node_modules\firebase-tools\lib\bin\firebase.js emulators:exec --only firestore storage powershell -Command " Write-Output ok\
[debug] [2026-04-06T06:37:22.984Z] CLI Version:   15.10.0
[debug] [2026-04-06T06:37:22.984Z] Platform:      win32
[debug] [2026-04-06T06:37:22.984Z] Node Version:  v22.17.1
[debug] [2026-04-06T06:37:22.984Z] Time:          Mon Apr 06 2026 15:37:22 GMT+0900 (대한민국 표준시)
[debug] [2026-04-06T06:37:22.984Z] ----------------------------------------------------------------------
[debug] 
[debug] [2026-04-06T06:37:22.987Z] >>> [apiv2][query] GET https://firebase-public.firebaseio.com/cli.json [none]
[debug] [2026-04-06T06:37:25.797Z] > command requires scopes: ["email","openid","https://www.googleapis.com/auth/cloudplatformprojects.readonly","https://www.googleapis.com/auth/firebase","https://www.googleapis.com/auth/cloud-platform"]
[debug] [2026-04-06T06:37:25.798Z] > authorizing via signed-in user (asdlkj0104@gmail.com)
[debug] [2026-04-06T06:37:25.807Z] *** [apiv2] error from fetch(https://firebase-public.firebaseio.com/cli.json, {"headers":{},"method":"GET","agent":{"_events":{},"_eventsCount":2,"options":{"noDelay":true,"path":null},"requests":{},"sockets":{"firebase-public.firebaseio.com:443:::::::::::::::::::::":[]},"freeSockets":{},"keepAliveMsecs":1000,"keepAlive":false,"maxSockets":null,"maxFreeSockets":256,"scheduling":"lifo","maxTotalSockets":null,"totalSocketCount":0,"cache":{"max":20,"maxSize":0,"maxEntrySize":0,"fetchMethod":null,"keyMap":{},"keyList":["https:+http://127.0.0.1:9",null,null,null,null,null,null,null,null,null,null,null,null,null,null,null,null,null,null,null],"valList":[{"_events":{},"_eventsCount":2,"options":{},"requests":{},"sockets":{"firebase-public.firebaseio.com:443:::::::::::::::::::::":[]},"freeSockets":{},"keepAliveMsecs":1000,"keepAlive":false,"maxSockets":null,"maxFreeSockets":256,"scheduling":"lifo","maxTotalSockets":null,"totalSocketCount":0,"proxy":"http://127.0.0.1:9/","proxyHeaders":{},"connectOpts":{"ALPNProtocols":["http/1.1"],"host":"127.0.0.1","port":9}},null,null,null,null,null,null,null,null,null,null,null,null,null,null,null,null,null,null,null],"next":{"0":0,"1":0,"2":0,"3":0,"4":0,"5":0,"6":0,"7":0,"8":0,"9":0,"10":0,"11":0,"12":0,"13":0,"14":0,"15":0,"16":0,"17":0,"18":0,"19":0},"prev":{"0":0,"1":0,"2":0,"3":0,"4":0,"5":0,"6":0,"7":0,"8":0,"9":0,"10":0,"11":0,"12":0,"13":0,"14":0,"15":0,"16":0,"17":0,"18":0,"19":0},"head":0,"tail":0,"free":{"heap":{"0":0,"1":0,"2":0,"3":0,"4":0,"5":0,"6":0,"7":0,"8":0,"9":0,"10":0,"11":0,"12":0,"13":0,"14":0,"15":0,"16":0,"17":0,"18":0,"19":0},"length":0},"initialFill":1,"size":1,"disposeAfter":null,"disposed":null,"noDisposeOnSet":false,"noUpdateTTL":false,"noDeleteOnFetchRejection":false,"allowStaleOnFetchRejection":false,"allowStaleOnFetchAbort":false,"ignoreFetchAbort":false,"allowStale":false,"noDeleteOnStaleGet":false,"updateAgeOnGet":false,"updateAgeOnHas":false,"ttlResolution":1,"ttlAutopurge":false,"ttl":0},"httpAgent":{"_events":{},"_eventsCount":2,"defaultPort":80,"protocol":"http:","options":{"noDelay":true,"path":null},"requests":{},"sockets":{},"freeSockets":{},"keepAliveMsecs":1000,"keepAlive":false,"maxSockets":null,"maxFreeSockets":256,"scheduling":"lifo","maxTotalSockets":null,"totalSocketCount":0},"httpsAgent":{"_events":{},"_eventsCount":2,"defaultPort":443,"protocol":"https:","options":{"noDelay":true,"path":null},"requests":{},"sockets":{},"freeSockets":{},"keepAliveMsecs":1000,"keepAlive":false,"maxSockets":null,"maxFreeSockets":256,"scheduling":"lifo","maxTotalSockets":null,"totalSocketCount":0,"maxCachedSessions":100,"_sessionCache":{"map":{},"list":[]}}}}): FetchError: request to https://firebase-public.firebaseio.com/cli.json failed, reason: connect ECONNREFUSED 127.0.0.1:9
[warn] !  Unable to fetch the CLI MOTD and remote config. This is not a fatal error, but may indicate an issue with your network connection. 
[debug] [2026-04-06T06:37:25.807Z] Failed to fetch MOTD FirebaseError: Failed to make request to https://firebase-public.firebaseio.com/cli.json
[debug] [2026-04-06T06:37:25.810Z] Could not find VSCode notification endpoint: FetchError: request to http://localhost:40001/vscode/notify failed, reason: . If you are not running the Firebase Data Connect VSCode extension, this is expected and not an issue.
[info] i  emulators: Shutting down emulators. {"metadata":{"emulator":{"name":"hub"},"message":"Shutting down emulators."}}
[debug] [2026-04-06T06:37:25.812Z] Could not find VSCode notification endpoint: FetchError: request to http://localhost:40001/vscode/notify failed, reason: . If you are not running the Firebase Data Connect VSCode extension, this is expected and not an issue.
[error] 
[error] Error: No emulators to start, run firebase init emulators to get started.
[debug] [2026-04-06T06:37:26.085Z] Error: EPERM: operation not permitted, open 'C:\Users\gy554\.config\configstore\firebase-tools.json.3117530515'
    at Object.openSync (node:fs:561:18)
    at Function.writeFileSync [as sync] (C:\Users\gy554\AppData\Roaming\npm\node_modules\firebase-tools\node_modules\write-file-atomic\index.js:205:13)
    at set all (C:\Users\gy554\AppData\Roaming\npm\node_modules\firebase-tools\node_modules\configstore\index.js:61:20)
    at Configstore.delete (C:\Users\gy554\AppData\Roaming\npm\node_modules\firebase-tools\node_modules\configstore\index.js:101:12)
    at process.<anonymous> (C:\Users\gy554\AppData\Roaming\npm\node_modules\firebase-tools\lib\bin\cli.js:65:45)
    at process.emit (node:events:530:35)
    at process.exit (node:internal/process/per_thread:194:15)
    at Timeout._onTimeout (C:\Users\gy554\AppData\Roaming\npm\node_modules\firebase-tools\lib\errorOut.js:20:17)
    at listOnTimeout (node:internal/timers:588:17)
    at process.processTimers (node:internal/timers:523:7)
[error] 
[error] Error: An unexpected error has occurred.
